Started GET "/" for 127.0.0.1 at 2018-08-16 15:22:38 -0700
  
ActiveRecord::NoDatabaseError (FATAL:  database "enbyloo_locations_development" does not exist
):
  
activerecord (5.2.1) lib/active_record/connection_adapters/postgresql_adapter.rb:688:in `rescue in connect'
activerecord (5.2.1) lib/active_record/connection_adapters/postgresql_adapter.rb:683:in `connect'
activerecord (5.2.1) lib/active_record/connection_adapters/postgresql_adapter.rb:215:in `initialize'
activerecord (5.2.1) lib/active_record/connection_adapters/postgresql_adapter.rb:40:in `new'
activerecord (5.2.1) lib/active_record/connection_adapters/postgresql_adapter.rb:40:in `postgresql_connection'
activerecord (5.2.1) lib/active_record/connection_adapters/abstract/connection_pool.rb:809:in `new_connection'
activerecord (5.2.1) lib/active_record/connection_adapters/abstract/connection_pool.rb:853:in `checkout_new_connection'
activerecord (5.2.1) lib/active_record/connection_adapters/abstract/connection_pool.rb:832:in `try_to_checkout_new_connection'
activerecord (5.2.1) lib/active_record/connection_adapters/abstract/connection_pool.rb:793:in `acquire_connection'
activerecord (5.2.1) lib/active_record/connection_adapters/abstract/connection_pool.rb:521:in `checkout'
activerecord (5.2.1) lib/active_record/connection_adapters/abstract/connection_pool.rb:380:in `connection'
activerecord (5.2.1) lib/active_record/connection_adapters/abstract/connection_pool.rb:1008:in `retrieve_connection'
activerecord (5.2.1) lib/active_record/connection_handling.rb:118:in `retrieve_connection'
activerecord (5.2.1) lib/active_record/connection_handling.rb:90:in `connection'
activerecord (5.2.1) lib/active_record/migration.rb:554:in `call'
actionpack (5.2.1) lib/action_dispatch/middleware/callbacks.rb:28:in `block in call'
activesupport (5.2.1) lib/active_support/callbacks.rb:98:in `run_callbacks'
actionpack (5.2.1) lib/action_dispatch/middleware/callbacks.rb:26:in `call'
actionpack (5.2.1) lib/action_dispatch/middleware/executor.rb:14:in `call'
actionpack (5.2.1) lib/action_dispatch/middleware/debug_exceptions.rb:61:in `call'
web-console (3.6.2) lib/web_console/middleware.rb:135:in `call_app'
web-console (3.6.2) lib/web_console/middleware.rb:30:in `block in call'
web-console (3.6.2) lib/web_console/middleware.rb:20:in `catch'
web-console (3.6.2) lib/web_console/middleware.rb:20:in `call'
actionpack (5.2.1) lib/action_dispatch/middleware/show_exceptions.rb:33:in `call'
railties (5.2.1) lib/rails/rack/logger.rb:38:in `call_app'
railties (5.2.1) lib/rails/rack/logger.rb:26:in `block in call'
activesupport (5.2.1) lib/active_support/tagged_logging.rb:71:in `block in tagged'
activesupport (5.2.1) lib/active_support/tagged_logging.rb:28:in `tagged'
activesupport (5.2.1) lib/active_support/tagged_logging.rb:71:in `tagged'
railties (5.2.1) lib/rails/rack/logger.rb:26:in `call'
sprockets-rails (3.2.1) lib/sprockets/rails/quiet_assets.rb:13:in `call'
actionpack (5.2.1) lib/action_dispatch/middleware/remote_ip.rb:81:in `call'
actionpack (5.2.1) lib/action_dispatch/middleware/request_id.rb:27:in `call'
rack (2.0.5) lib/rack/method_override.rb:22:in `call'
rack (2.0.5) lib/rack/runtime.rb:22:in `call'
activesupport (5.2.1) lib/active_support/cache/strategy/local_cache_middleware.rb:29:in `call'
actionpack (5.2.1) lib/action_dispatch/middleware/executor.rb:14:in `call'
actionpack (5.2.1) lib/action_dispatch/middleware/static.rb:127:in `call'
rack (2.0.5) lib/rack/sendfile.rb:111:in `call'
railties (5.2.1) lib/rails/engine.rb:524:in `call'
puma (3.12.0) lib/puma/configuration.rb:225:in `call'
puma (3.12.0) lib/puma/server.rb:658:in `handle_request'
puma (3.12.0) lib/puma/server.rb:472:in `process_client'
puma (3.12.0) lib/puma/server.rb:332:in `block in run'
puma (3.12.0) lib/puma/thread_pool.rb:133:in `block in spawn_thread'
  [1m[35m (2730.7ms)[0m  [1m[35mCREATE DATABASE "enbyloo_locations_development" ENCODING = 'unicode'[0m
  ↳ bin/rails:9
  [1m[35m (337.7ms)[0m  [1m[35mCREATE DATABASE "enbyloo_locations_test" ENCODING = 'unicode'[0m
  ↳ bin/rails:9
Started GET "/" for 127.0.0.1 at 2018-08-16 15:24:05 -0700
Processing by Rails::WelcomeController#index as HTML
  Rendering /Users/bononeill/.rbenv/versions/2.3.7/lib/ruby/gems/2.3.0/gems/railties-5.2.1/lib/rails/templates/rails/welcome/index.html.erb
  Rendered /Users/bononeill/.rbenv/versions/2.3.7/lib/ruby/gems/2.3.0/gems/railties-5.2.1/lib/rails/templates/rails/welcome/index.html.erb (6.6ms)
Completed 200 OK in 43ms (Views: 23.2ms | ActiveRecord: 0.0ms)


Started GET "/locations" for 127.0.0.1 at 2018-08-18 14:06:59 -0700
Processing by LocationsController#index as HTML
Completed 500 Internal Server Error in 83ms (ActiveRecord: 0.0ms)


  
SyntaxError (/Users/bononeill/Desktop/enbyloo/EnbyLoo/enbyloo_locations/app/models/location.rb:16: syntax error, unexpected end-of-input, expecting keyword_end):
  
app/models/location.rb:16: syntax error, unexpected end-of-input, expecting keyword_end
app/controllers/locations_controller.rb:6:in `index'
Started GET "/locations" for 127.0.0.1 at 2018-08-18 14:07:13 -0700
Processing by LocationsController#index as HTML
Completed 500 Internal Server Error in 600ms (ActiveRecord: 0.0ms)


  
PG::UndefinedTable (ERROR:  relation "locations" does not exist
LINE 2:           FROM locations
                       ^
):
  
app/models/location.rb:6:in `exec'
app/models/location.rb:6:in `all'
app/controllers/locations_controller.rb:6:in `index'
Started GET "/locations" for 127.0.0.1 at 2018-08-18 14:11:35 -0700
Processing by LocationsController#index as HTML
Completed 200 OK in 117ms (Views: 41.6ms | ActiveRecord: 0.0ms)


Started GET "/locations" for 127.0.0.1 at 2018-08-18 14:16:06 -0700
Processing by LocationsController#index as HTML
Completed 500 Internal Server Error in 15ms (ActiveRecord: 0.0ms)


  
SyntaxError (/Users/bononeill/Desktop/enbyloo/EnbyLoo/enbyloo_locations/app/models/location.rb:14: syntax error, unexpected '[', expecting '('
        "id" => result.["id"].to_i,
                        ^
/Users/bononeill/Desktop/enbyloo/EnbyLoo/enbyloo_locations/app/models/location.rb:14: syntax error, unexpected ']', expecting keyword_end
        "id" => result.["id"].to_i,
                             ^
/Users/bononeill/Desktop/enbyloo/EnbyLoo/enbyloo_locations/app/models/location.rb:15: syntax error, unexpected =>, expecting &. or :: or '[' or '.'
        "name" => result["name"],
                 ^
/Users/bononeill/Desktop/enbyloo/EnbyLoo/enbyloo_locations/app/models/location.rb:16: syntax error, unexpected =>, expecting &. or :: or '[' or '.'
        "address" => result["address"],
                    ^
/Users/bononeill/Desktop/enbyloo/EnbyLoo/enbyloo_locations/app/models/location.rb:17: syntax error, unexpected =>, expecting &. or :: or '[' or '.'
        "city" => result["city"],
                 ^
/Users/bononeill/Desktop/enbyloo/EnbyLoo/enbyloo_locations/app/models/location.rb:18: syntax error, unexpected =>, expecting &. or :: or '[' or '.'
        "state" => result["state"],
                  ^
/Users/bononeill/Desktop/enbyloo/EnbyLoo/enbyloo_locations/app/models/location.rb:19: syntax error, unexpected =>, expecting &. or :: or '[' or '.'
        "directions" => result["directions"],
                       ^
/Users/bononeill/Desktop/enbyloo/EnbyLoo/enbyloo_locations/app/models/location.rb:20: syntax error, unexpected =>, expecting &. or :: or '[' or '.'
        "ada" => result["ada"],
                ^
/Users/bononeill/Desktop/enbyloo/EnbyLoo/enbyloo_locations/app/models/location.rb:21: syntax error, unexpected =>, expecting &. or :: or '[' or '.'
        "cleanliness" => result["cleanliness"].to_i,
                        ^
/Users/bononeill/Desktop/enbyloo/EnbyLoo/enbyloo_locations/app/models/location.rb:22: syntax error, unexpected =>, expecting &. or :: or '[' or '.'
        "staff_friendliness" => result["staff_friendliness"].to_i
                               ^
/Users/bononeill/Desktop/enbyloo/EnbyLoo/enbyloo_locations/app/models/location.rb:23: syntax error, unexpected '}', expecting keyword_end):
  
app/models/location.rb:14: syntax error, unexpected '[', expecting '('
app/models/location.rb:14: syntax error, unexpected ']', expecting keyword_end
app/models/location.rb:15: syntax error, unexpected =>, expecting &. or :: or '[' or '.'
app/models/location.rb:16: syntax error, unexpected =>, expecting &. or :: or '[' or '.'
app/models/location.rb:17: syntax error, unexpected =>, expecting &. or :: or '[' or '.'
app/models/location.rb:18: syntax error, unexpected =>, expecting &. or :: or '[' or '.'
app/models/location.rb:19: syntax error, unexpected =>, expecting &. or :: or '[' or '.'
app/models/location.rb:20: syntax error, unexpected =>, expecting &. or :: or '[' or '.'
app/models/location.rb:21: syntax error, unexpected =>, expecting &. or :: or '[' or '.'
app/models/location.rb:22: syntax error, unexpected =>, expecting &. or :: or '[' or '.'
app/models/location.rb:23: syntax error, unexpected '}', expecting keyword_end
app/controllers/locations_controller.rb:6:in `index'
Started GET "/locations" for 127.0.0.1 at 2018-08-18 14:16:26 -0700
Processing by LocationsController#index as HTML
Completed 500 Internal Server Error in 30ms (ActiveRecord: 0.0ms)


  
SyntaxError (/Users/bononeill/Desktop/enbyloo/EnbyLoo/enbyloo_locations/app/models/location.rb:14: syntax error, unexpected '[', expecting '('
        "id" => result.["id"].to_i,
                        ^
/Users/bononeill/Desktop/enbyloo/EnbyLoo/enbyloo_locations/app/models/location.rb:14: syntax error, unexpected ']', expecting keyword_end
        "id" => result.["id"].to_i,
                             ^
/Users/bononeill/Desktop/enbyloo/EnbyLoo/enbyloo_locations/app/models/location.rb:15: syntax error, unexpected =>, expecting &. or :: or '[' or '.'
        "name" => result["name"],
                 ^
/Users/bononeill/Desktop/enbyloo/EnbyLoo/enbyloo_locations/app/models/location.rb:16: syntax error, unexpected =>, expecting &. or :: or '[' or '.'
        "address" => result["address"],
                    ^
/Users/bononeill/Desktop/enbyloo/EnbyLoo/enbyloo_locations/app/models/location.rb:17: syntax error, unexpected =>, expecting &. or :: or '[' or '.'
        "city" => result["city"],
                 ^
/Users/bononeill/Desktop/enbyloo/EnbyLoo/enbyloo_locations/app/models/location.rb:18: syntax error, unexpected =>, expecting &. or :: or '[' or '.'
        "state" => result["state"],
                  ^
/Users/bononeill/Desktop/enbyloo/EnbyLoo/enbyloo_locations/app/models/location.rb:19: syntax error, unexpected =>, expecting &. or :: or '[' or '.'
        "directions" => result["directions"],
                       ^
/Users/bononeill/Desktop/enbyloo/EnbyLoo/enbyloo_locations/app/models/location.rb:20: syntax error, unexpected =>, expecting &. or :: or '[' or '.'
        "ada" => result["ada"],
                ^
/Users/bononeill/Desktop/enbyloo/EnbyLoo/enbyloo_locations/app/models/location.rb:21: syntax error, unexpected =>, expecting &. or :: or '[' or '.'
        "cleanliness" => result["cleanliness"].to_i,
                        ^
/Users/bononeill/Desktop/enbyloo/EnbyLoo/enbyloo_locations/app/models/location.rb:22: syntax error, unexpected =>, expecting &. or :: or '[' or '.'
        "staff_friendliness" => result["staff_friendliness"].to_i
                               ^
/Users/bononeill/Desktop/enbyloo/EnbyLoo/enbyloo_locations/app/models/location.rb:23: syntax error, unexpected '}', expecting keyword_end):
  
app/models/location.rb:14: syntax error, unexpected '[', expecting '('
app/models/location.rb:14: syntax error, unexpected ']', expecting keyword_end
app/models/location.rb:15: syntax error, unexpected =>, expecting &. or :: or '[' or '.'
app/models/location.rb:16: syntax error, unexpected =>, expecting &. or :: or '[' or '.'
app/models/location.rb:17: syntax error, unexpected =>, expecting &. or :: or '[' or '.'
app/models/location.rb:18: syntax error, unexpected =>, expecting &. or :: or '[' or '.'
app/models/location.rb:19: syntax error, unexpected =>, expecting &. or :: or '[' or '.'
app/models/location.rb:20: syntax error, unexpected =>, expecting &. or :: or '[' or '.'
app/models/location.rb:21: syntax error, unexpected =>, expecting &. or :: or '[' or '.'
app/models/location.rb:22: syntax error, unexpected =>, expecting &. or :: or '[' or '.'
app/models/location.rb:23: syntax error, unexpected '}', expecting keyword_end
app/controllers/locations_controller.rb:6:in `index'
Started GET "/locations" for 127.0.0.1 at 2018-08-18 14:17:01 -0700
Processing by LocationsController#index as HTML
Completed 500 Internal Server Error in 17ms (ActiveRecord: 0.0ms)


  
SyntaxError (/Users/bononeill/Desktop/enbyloo/EnbyLoo/enbyloo_locations/app/models/location.rb:14: syntax error, unexpected '[', expecting '('
        "id" => result.["id"].to_i,
                        ^
/Users/bononeill/Desktop/enbyloo/EnbyLoo/enbyloo_locations/app/models/location.rb:14: syntax error, unexpected ']', expecting keyword_end
        "id" => result.["id"].to_i,
                             ^
/Users/bononeill/Desktop/enbyloo/EnbyLoo/enbyloo_locations/app/models/location.rb:15: syntax error, unexpected =>, expecting &. or :: or '[' or '.'
        "name" => result["name"],
                 ^
/Users/bononeill/Desktop/enbyloo/EnbyLoo/enbyloo_locations/app/models/location.rb:16: syntax error, unexpected =>, expecting &. or :: or '[' or '.'
        "address" => result["address"],
                    ^
/Users/bononeill/Desktop/enbyloo/EnbyLoo/enbyloo_locations/app/models/location.rb:17: syntax error, unexpected =>, expecting &. or :: or '[' or '.'
        "city" => result["city"],
                 ^
/Users/bononeill/Desktop/enbyloo/EnbyLoo/enbyloo_locations/app/models/location.rb:18: syntax error, unexpected =>, expecting &. or :: or '[' or '.'
        "state" => result["state"],
                  ^
/Users/bononeill/Desktop/enbyloo/EnbyLoo/enbyloo_locations/app/models/location.rb:19: syntax error, unexpected =>, expecting &. or :: or '[' or '.'
        "directions" => result["directions"],
                       ^
/Users/bononeill/Desktop/enbyloo/EnbyLoo/enbyloo_locations/app/models/location.rb:20: syntax error, unexpected =>, expecting &. or :: or '[' or '.'
        "ada" => result["ada"],
                ^
/Users/bononeill/Desktop/enbyloo/EnbyLoo/enbyloo_locations/app/models/location.rb:21: syntax error, unexpected =>, expecting &. or :: or '[' or '.'
        "cleanliness" => result["cleanliness"].to_i,
                        ^
/Users/bononeill/Desktop/enbyloo/EnbyLoo/enbyloo_locations/app/models/location.rb:22: syntax error, unexpected =>, expecting &. or :: or '[' or '.'
        "staff_friendliness" => result["staff_friendliness"].to_i
                               ^
/Users/bononeill/Desktop/enbyloo/EnbyLoo/enbyloo_locations/app/models/location.rb:23: syntax error, unexpected '}', expecting keyword_end):
  
app/models/location.rb:14: syntax error, unexpected '[', expecting '('
app/models/location.rb:14: syntax error, unexpected ']', expecting keyword_end
app/models/location.rb:15: syntax error, unexpected =>, expecting &. or :: or '[' or '.'
app/models/location.rb:16: syntax error, unexpected =>, expecting &. or :: or '[' or '.'
app/models/location.rb:17: syntax error, unexpected =>, expecting &. or :: or '[' or '.'
app/models/location.rb:18: syntax error, unexpected =>, expecting &. or :: or '[' or '.'
app/models/location.rb:19: syntax error, unexpected =>, expecting &. or :: or '[' or '.'
app/models/location.rb:20: syntax error, unexpected =>, expecting &. or :: or '[' or '.'
app/models/location.rb:21: syntax error, unexpected =>, expecting &. or :: or '[' or '.'
app/models/location.rb:22: syntax error, unexpected =>, expecting &. or :: or '[' or '.'
app/models/location.rb:23: syntax error, unexpected '}', expecting keyword_end
app/controllers/locations_controller.rb:6:in `index'
Started GET "/locations" for 127.0.0.1 at 2018-08-18 14:19:14 -0700
Processing by LocationsController#index as HTML
Completed 500 Internal Server Error in 23ms (ActiveRecord: 0.0ms)


  
SyntaxError (/Users/bononeill/Desktop/enbyloo/EnbyLoo/enbyloo_locations/app/models/location.rb:9: syntax error, unexpected '[', expecting '('
        "id" => result.["id"].to_i,
                        ^
/Users/bononeill/Desktop/enbyloo/EnbyLoo/enbyloo_locations/app/models/location.rb:9: syntax error, unexpected ']', expecting keyword_end
        "id" => result.["id"].to_i,
                             ^
/Users/bononeill/Desktop/enbyloo/EnbyLoo/enbyloo_locations/app/models/location.rb:10: syntax error, unexpected =>, expecting &. or :: or '[' or '.'
        "name" => result["name"],
                 ^
/Users/bononeill/Desktop/enbyloo/EnbyLoo/enbyloo_locations/app/models/location.rb:11: syntax error, unexpected =>, expecting &. or :: or '[' or '.'
        "address" => result["address"],
                    ^
/Users/bononeill/Desktop/enbyloo/EnbyLoo/enbyloo_locations/app/models/location.rb:12: syntax error, unexpected =>, expecting &. or :: or '[' or '.'
        "city" => result["city"],
                 ^
/Users/bononeill/Desktop/enbyloo/EnbyLoo/enbyloo_locations/app/models/location.rb:13: syntax error, unexpected =>, expecting &. or :: or '[' or '.'
        "state" => result["state"],
                  ^
/Users/bononeill/Desktop/enbyloo/EnbyLoo/enbyloo_locations/app/models/location.rb:14: syntax error, unexpected =>, expecting &. or :: or '[' or '.'
        "directions" => result["directions"],
                       ^
/Users/bononeill/Desktop/enbyloo/EnbyLoo/enbyloo_locations/app/models/location.rb:15: syntax error, unexpected =>, expecting &. or :: or '[' or '.'
        "ada" => result["ada"],
                ^
/Users/bononeill/Desktop/enbyloo/EnbyLoo/enbyloo_locations/app/models/location.rb:16: syntax error, unexpected =>, expecting &. or :: or '[' or '.'
        "cleanliness" => result["cleanliness"].to_i,
                        ^
/Users/bononeill/Desktop/enbyloo/EnbyLoo/enbyloo_locations/app/models/location.rb:17: syntax error, unexpected =>, expecting &. or :: or '[' or '.'
        "staff_friendliness" => result["staff_friendliness"].to_i
                               ^
/Users/bononeill/Desktop/enbyloo/EnbyLoo/enbyloo_locations/app/models/location.rb:18: syntax error, unexpected '}', expecting keyword_end):
  
app/models/location.rb:9: syntax error, unexpected '[', expecting '('
app/models/location.rb:9: syntax error, unexpected ']', expecting keyword_end
app/models/location.rb:10: syntax error, unexpected =>, expecting &. or :: or '[' or '.'
app/models/location.rb:11: syntax error, unexpected =>, expecting &. or :: or '[' or '.'
app/models/location.rb:12: syntax error, unexpected =>, expecting &. or :: or '[' or '.'
app/models/location.rb:13: syntax error, unexpected =>, expecting &. or :: or '[' or '.'
app/models/location.rb:14: syntax error, unexpected =>, expecting &. or :: or '[' or '.'
app/models/location.rb:15: syntax error, unexpected =>, expecting &. or :: or '[' or '.'
app/models/location.rb:16: syntax error, unexpected =>, expecting &. or :: or '[' or '.'
app/models/location.rb:17: syntax error, unexpected =>, expecting &. or :: or '[' or '.'
app/models/location.rb:18: syntax error, unexpected '}', expecting keyword_end
app/controllers/locations_controller.rb:6:in `index'
Started GET "/locations" for 127.0.0.1 at 2018-08-18 14:21:07 -0700
Processing by LocationsController#index as HTML
Completed 500 Internal Server Error in 41ms (ActiveRecord: 0.0ms)


  
SyntaxError (/Users/bononeill/Desktop/enbyloo/EnbyLoo/enbyloo_locations/app/models/location.rb:9: syntax error, unexpected '[', expecting '('
        "id" => result.["id"].to_i,
                        ^
/Users/bononeill/Desktop/enbyloo/EnbyLoo/enbyloo_locations/app/models/location.rb:9: syntax error, unexpected ']', expecting keyword_end
        "id" => result.["id"].to_i,
                             ^
/Users/bononeill/Desktop/enbyloo/EnbyLoo/enbyloo_locations/app/models/location.rb:10: syntax error, unexpected =>, expecting &. or :: or '[' or '.'
        "name" => result["name"],
                 ^
/Users/bononeill/Desktop/enbyloo/EnbyLoo/enbyloo_locations/app/models/location.rb:11: syntax error, unexpected =>, expecting &. or :: or '[' or '.'
        "address" => result["address"],
                    ^
/Users/bononeill/Desktop/enbyloo/EnbyLoo/enbyloo_locations/app/models/location.rb:12: syntax error, unexpected =>, expecting &. or :: or '[' or '.'
        "city" => result["city"],
                 ^
/Users/bononeill/Desktop/enbyloo/EnbyLoo/enbyloo_locations/app/models/location.rb:13: syntax error, unexpected =>, expecting &. or :: or '[' or '.'
        "state" => result["state"],
                  ^
/Users/bononeill/Desktop/enbyloo/EnbyLoo/enbyloo_locations/app/models/location.rb:14: syntax error, unexpected =>, expecting &. or :: or '[' or '.'
        "directions" => result["directions"],
                       ^
/Users/bononeill/Desktop/enbyloo/EnbyLoo/enbyloo_locations/app/models/location.rb:15: syntax error, unexpected =>, expecting &. or :: or '[' or '.'
        "ada" => result["ada"],
                ^
/Users/bononeill/Desktop/enbyloo/EnbyLoo/enbyloo_locations/app/models/location.rb:16: syntax error, unexpected =>, expecting &. or :: or '[' or '.'
        "cleanliness" => result["cleanliness"].to_i,
                        ^
/Users/bononeill/Desktop/enbyloo/EnbyLoo/enbyloo_locations/app/models/location.rb:17: syntax error, unexpected =>, expecting &. or :: or '[' or '.'
        "staff_friendliness" => result["staff_friendliness"].to_i,
                               ^
/Users/bononeill/Desktop/enbyloo/EnbyLoo/enbyloo_locations/app/models/location.rb:18: syntax error, unexpected '}', expecting '='):
  
app/models/location.rb:9: syntax error, unexpected '[', expecting '('
app/models/location.rb:9: syntax error, unexpected ']', expecting keyword_end
app/models/location.rb:10: syntax error, unexpected =>, expecting &. or :: or '[' or '.'
app/models/location.rb:11: syntax error, unexpected =>, expecting &. or :: or '[' or '.'
app/models/location.rb:12: syntax error, unexpected =>, expecting &. or :: or '[' or '.'
app/models/location.rb:13: syntax error, unexpected =>, expecting &. or :: or '[' or '.'
app/models/location.rb:14: syntax error, unexpected =>, expecting &. or :: or '[' or '.'
app/models/location.rb:15: syntax error, unexpected =>, expecting &. or :: or '[' or '.'
app/models/location.rb:16: syntax error, unexpected =>, expecting &. or :: or '[' or '.'
app/models/location.rb:17: syntax error, unexpected =>, expecting &. or :: or '[' or '.'
app/models/location.rb:18: syntax error, unexpected '}', expecting '='
app/controllers/locations_controller.rb:6:in `index'
Started GET "/locations" for 127.0.0.1 at 2018-08-18 14:21:33 -0700
Processing by LocationsController#index as HTML
Completed 200 OK in 100ms (Views: 5.2ms | ActiveRecord: 0.0ms)


Started GET "/locations" for 127.0.0.1 at 2018-08-18 14:23:39 -0700
Processing by LocationsController#index as HTML
Completed 200 OK in 56ms (Views: 3.1ms | ActiveRecord: 0.0ms)


Started GET "/locations/3" for 127.0.0.1 at 2018-08-18 14:23:43 -0700
Processing by LocationsController#show as HTML
  Parameters: {"id"=>"3"}
Completed 500 Internal Server Error in 38ms (ActiveRecord: 0.0ms)


  
NoMethodError (undefined method `exc' for #<PG::Connection:0x00007ff683fc0888>
Did you mean?  exec):
  
app/models/location.rb:25:in `find'
app/controllers/locations_controller.rb:11:in `show'
Started GET "/locations/3" for 127.0.0.1 at 2018-08-18 14:23:52 -0700
Processing by LocationsController#show as HTML
  Parameters: {"id"=>"3"}
Completed 200 OK in 18ms (Views: 0.3ms | ActiveRecord: 0.0ms)


Started GET "/locations/2" for 127.0.0.1 at 2018-08-18 14:23:56 -0700
Processing by LocationsController#show as HTML
  Parameters: {"id"=>"2"}
Completed 200 OK in 2ms (Views: 0.3ms | ActiveRecord: 0.0ms)


Started DELETE "/locations/" for 127.0.0.1 at 2018-08-18 15:11:09 -0700
  
ActionController::RoutingError (No route matches [DELETE] "/locations"):
  
actionpack (5.2.1) lib/action_dispatch/middleware/debug_exceptions.rb:65:in `call'
web-console (3.6.2) lib/web_console/middleware.rb:135:in `call_app'
web-console (3.6.2) lib/web_console/middleware.rb:30:in `block in call'
web-console (3.6.2) lib/web_console/middleware.rb:20:in `catch'
web-console (3.6.2) lib/web_console/middleware.rb:20:in `call'
actionpack (5.2.1) lib/action_dispatch/middleware/show_exceptions.rb:33:in `call'
railties (5.2.1) lib/rails/rack/logger.rb:38:in `call_app'
railties (5.2.1) lib/rails/rack/logger.rb:26:in `block in call'
activesupport (5.2.1) lib/active_support/tagged_logging.rb:71:in `block in tagged'
activesupport (5.2.1) lib/active_support/tagged_logging.rb:28:in `tagged'
activesupport (5.2.1) lib/active_support/tagged_logging.rb:71:in `tagged'
railties (5.2.1) lib/rails/rack/logger.rb:26:in `call'
sprockets-rails (3.2.1) lib/sprockets/rails/quiet_assets.rb:13:in `call'
actionpack (5.2.1) lib/action_dispatch/middleware/remote_ip.rb:81:in `call'
actionpack (5.2.1) lib/action_dispatch/middleware/request_id.rb:27:in `call'
rack (2.0.5) lib/rack/method_override.rb:22:in `call'
rack (2.0.5) lib/rack/runtime.rb:22:in `call'
activesupport (5.2.1) lib/active_support/cache/strategy/local_cache_middleware.rb:29:in `call'
actionpack (5.2.1) lib/action_dispatch/middleware/executor.rb:14:in `call'
actionpack (5.2.1) lib/action_dispatch/middleware/static.rb:127:in `call'
rack (2.0.5) lib/rack/sendfile.rb:111:in `call'
railties (5.2.1) lib/rails/engine.rb:524:in `call'
puma (3.12.0) lib/puma/configuration.rb:225:in `call'
puma (3.12.0) lib/puma/server.rb:658:in `handle_request'
puma (3.12.0) lib/puma/server.rb:472:in `process_client'
puma (3.12.0) lib/puma/server.rb:332:in `block in run'
puma (3.12.0) lib/puma/thread_pool.rb:133:in `block in spawn_thread'
Started GET "/locations/" for 127.0.0.1 at 2018-08-18 15:11:20 -0700
Processing by LocationsController#index as */*
  Parameters: {"location"=>{}}
Completed 200 OK in 11ms (Views: 7.8ms | ActiveRecord: 0.0ms)


Started GET "/locations/1" for 127.0.0.1 at 2018-08-18 15:11:27 -0700
Processing by LocationsController#show as */*
  Parameters: {"id"=>"1", "location"=>{}}
Completed 200 OK in 2ms (Views: 0.2ms | ActiveRecord: 0.0ms)


Started GET "/locations/7" for 127.0.0.1 at 2018-08-18 15:11:34 -0700
Processing by LocationsController#show as */*
  Parameters: {"id"=>"7", "location"=>{}}
Completed 200 OK in 1ms (Views: 0.3ms | ActiveRecord: 0.0ms)


Started POST "/locations/7" for 127.0.0.1 at 2018-08-18 15:12:28 -0700
  
ActionController::RoutingError (No route matches [POST] "/locations/7"):
  
actionpack (5.2.1) lib/action_dispatch/middleware/debug_exceptions.rb:65:in `call'
web-console (3.6.2) lib/web_console/middleware.rb:135:in `call_app'
web-console (3.6.2) lib/web_console/middleware.rb:30:in `block in call'
web-console (3.6.2) lib/web_console/middleware.rb:20:in `catch'
web-console (3.6.2) lib/web_console/middleware.rb:20:in `call'
actionpack (5.2.1) lib/action_dispatch/middleware/show_exceptions.rb:33:in `call'
railties (5.2.1) lib/rails/rack/logger.rb:38:in `call_app'
railties (5.2.1) lib/rails/rack/logger.rb:26:in `block in call'
activesupport (5.2.1) lib/active_support/tagged_logging.rb:71:in `block in tagged'
activesupport (5.2.1) lib/active_support/tagged_logging.rb:28:in `tagged'
activesupport (5.2.1) lib/active_support/tagged_logging.rb:71:in `tagged'
railties (5.2.1) lib/rails/rack/logger.rb:26:in `call'
sprockets-rails (3.2.1) lib/sprockets/rails/quiet_assets.rb:13:in `call'
actionpack (5.2.1) lib/action_dispatch/middleware/remote_ip.rb:81:in `call'
actionpack (5.2.1) lib/action_dispatch/middleware/request_id.rb:27:in `call'
rack (2.0.5) lib/rack/method_override.rb:22:in `call'
rack (2.0.5) lib/rack/runtime.rb:22:in `call'
activesupport (5.2.1) lib/active_support/cache/strategy/local_cache_middleware.rb:29:in `call'
actionpack (5.2.1) lib/action_dispatch/middleware/executor.rb:14:in `call'
actionpack (5.2.1) lib/action_dispatch/middleware/static.rb:127:in `call'
rack (2.0.5) lib/rack/sendfile.rb:111:in `call'
railties (5.2.1) lib/rails/engine.rb:524:in `call'
puma (3.12.0) lib/puma/configuration.rb:225:in `call'
puma (3.12.0) lib/puma/server.rb:658:in `handle_request'
puma (3.12.0) lib/puma/server.rb:472:in `process_client'
puma (3.12.0) lib/puma/server.rb:332:in `block in run'
puma (3.12.0) lib/puma/thread_pool.rb:133:in `block in spawn_thread'
Started POST "/locations/" for 127.0.0.1 at 2018-08-18 15:12:39 -0700
Processing by LocationsController#create as */*
  Parameters: {"name"=>"Test", "address"=>"TEST", "city"=>"Sacramento", "state"=>"CA", "directions"=>"TEST TEST", "ada"=>"t", "cleanliness"=>4, "staff_friendliness"=>5, "location"=>{"name"=>"Test", "address"=>"TEST", "city"=>"Sacramento", "state"=>"CA", "directions"=>"TEST TEST", "ada"=>"t", "cleanliness"=>4, "staff_friendliness"=>5}}
Completed 500 Internal Server Error in 5ms (ActiveRecord: 0.0ms)


  
NameError (undefined local variable or method `directions' for Location:Class):
  
app/models/location.rb:44:in `create'
app/controllers/locations_controller.rb:16:in `create'
Started POST "/locations/" for 127.0.0.1 at 2018-08-18 15:13:09 -0700
Processing by LocationsController#create as */*
  Parameters: {"name"=>"Test", "address"=>"TEST", "city"=>"Sacramento", "state"=>"CA", "directions"=>"TEST TEST", "ada"=>"t", "cleanliness"=>4, "staff_friendliness"=>5, "location"=>{"name"=>"Test", "address"=>"TEST", "city"=>"Sacramento", "state"=>"CA", "directions"=>"TEST TEST", "ada"=>"t", "cleanliness"=>4, "staff_friendliness"=>5}}
Completed 500 Internal Server Error in 33ms (ActiveRecord: 0.0ms)


  
PG::UndefinedColumn (ERROR:  column "t" does not exist
LINE 2: ...S ('Test', 'TEST', 'Sacramento', 'CA', 'TEST TEST', t, 4, 5)
                                                               ^
):
  
app/models/location.rb:41:in `exec'
app/models/location.rb:41:in `create'
app/controllers/locations_controller.rb:16:in `create'
Started POST "/locations/" for 127.0.0.1 at 2018-08-18 15:13:31 -0700
Processing by LocationsController#create as */*
  Parameters: {"name"=>"Test", "address"=>"TEST", "city"=>"Sacramento", "state"=>"CA", "directions"=>"TEST TEST", "ada"=>true, "cleanliness"=>4, "staff_friendliness"=>5, "location"=>{"name"=>"Test", "address"=>"TEST", "city"=>"Sacramento", "state"=>"CA", "directions"=>"TEST TEST", "ada"=>true, "cleanliness"=>4, "staff_friendliness"=>5}}
Completed 200 OK in 97ms (Views: 1.7ms | ActiveRecord: 0.0ms)


Started GET "/locations/" for 127.0.0.1 at 2018-08-18 15:13:39 -0700
Processing by LocationsController#index as */*
  Parameters: {"location"=>{}}
Completed 200 OK in 3ms (Views: 1.7ms | ActiveRecord: 0.0ms)


Started DELETE "/locations/16" for 127.0.0.1 at 2018-08-18 15:14:59 -0700
Processing by LocationsController#delete as */*
  Parameters: {"name"=>"Test", "address"=>"TEST", "city"=>"Sacramento", "state"=>"CA", "directions"=>"TEST TEST", "ada"=>true, "cleanliness"=>4, "staff_friendliness"=>5, "id"=>"16", "location"=>{"name"=>"Test", "address"=>"TEST", "city"=>"Sacramento", "state"=>"CA", "directions"=>"TEST TEST", "ada"=>true, "cleanliness"=>4, "staff_friendliness"=>5}}
Completed 500 Internal Server Error in 114ms (ActiveRecord: 0.0ms)


  
NameError (undefined local variable or method `deleted' for Location:Class
Did you mean?  delete):
  
app/models/location.rb:64:in `delete'
app/controllers/locations_controller.rb:21:in `delete'
Started DELETE "/locations/16" for 127.0.0.1 at 2018-08-18 15:15:18 -0700
Processing by LocationsController#delete as */*
  Parameters: {"name"=>"Test", "address"=>"TEST", "city"=>"Sacramento", "state"=>"CA", "directions"=>"TEST TEST", "ada"=>true, "cleanliness"=>4, "staff_friendliness"=>5, "id"=>"16", "location"=>{"name"=>"Test", "address"=>"TEST", "city"=>"Sacramento", "state"=>"CA", "directions"=>"TEST TEST", "ada"=>true, "cleanliness"=>4, "staff_friendliness"=>5}}
Completed 200 OK in 3ms (Views: 0.7ms | ActiveRecord: 0.0ms)


Started GET "/locations" for 127.0.0.1 at 2018-08-18 15:15:24 -0700
Processing by LocationsController#index as */*
  Parameters: {"location"=>{}}
Completed 200 OK in 5ms (Views: 3.0ms | ActiveRecord: 0.0ms)


Started GET "/locations/4" for 127.0.0.1 at 2018-08-18 15:19:05 -0700
Processing by LocationsController#show as */*
  Parameters: {"id"=>"4", "location"=>{}}
Completed 200 OK in 5ms (Views: 1.0ms | ActiveRecord: 0.0ms)


Started POST "/locations/16" for 127.0.0.1 at 2018-08-18 15:19:30 -0700
  
ActionController::RoutingError (No route matches [POST] "/locations/16"):
  
actionpack (5.2.1) lib/action_dispatch/middleware/debug_exceptions.rb:65:in `call'
web-console (3.6.2) lib/web_console/middleware.rb:135:in `call_app'
web-console (3.6.2) lib/web_console/middleware.rb:30:in `block in call'
web-console (3.6.2) lib/web_console/middleware.rb:20:in `catch'
web-console (3.6.2) lib/web_console/middleware.rb:20:in `call'
actionpack (5.2.1) lib/action_dispatch/middleware/show_exceptions.rb:33:in `call'
railties (5.2.1) lib/rails/rack/logger.rb:38:in `call_app'
railties (5.2.1) lib/rails/rack/logger.rb:26:in `block in call'
activesupport (5.2.1) lib/active_support/tagged_logging.rb:71:in `block in tagged'
activesupport (5.2.1) lib/active_support/tagged_logging.rb:28:in `tagged'
activesupport (5.2.1) lib/active_support/tagged_logging.rb:71:in `tagged'
railties (5.2.1) lib/rails/rack/logger.rb:26:in `call'
sprockets-rails (3.2.1) lib/sprockets/rails/quiet_assets.rb:13:in `call'
actionpack (5.2.1) lib/action_dispatch/middleware/remote_ip.rb:81:in `call'
actionpack (5.2.1) lib/action_dispatch/middleware/request_id.rb:27:in `call'
rack (2.0.5) lib/rack/method_override.rb:22:in `call'
rack (2.0.5) lib/rack/runtime.rb:22:in `call'
activesupport (5.2.1) lib/active_support/cache/strategy/local_cache_middleware.rb:29:in `call'
actionpack (5.2.1) lib/action_dispatch/middleware/executor.rb:14:in `call'
actionpack (5.2.1) lib/action_dispatch/middleware/static.rb:127:in `call'
rack (2.0.5) lib/rack/sendfile.rb:111:in `call'
railties (5.2.1) lib/rails/engine.rb:524:in `call'
puma (3.12.0) lib/puma/configuration.rb:225:in `call'
puma (3.12.0) lib/puma/server.rb:658:in `handle_request'
puma (3.12.0) lib/puma/server.rb:472:in `process_client'
puma (3.12.0) lib/puma/server.rb:332:in `block in run'
puma (3.12.0) lib/puma/thread_pool.rb:133:in `block in spawn_thread'
Started POST "/locations/" for 127.0.0.1 at 2018-08-18 15:19:39 -0700
Processing by LocationsController#create as */*
  Parameters: {"name"=>"Test", "address"=>"TEST", "city"=>"Sacramento", "state"=>"CA", "directions"=>"TEST TEST", "ada"=>true, "cleanliness"=>4, "staff_friendliness"=>5, "location"=>{"name"=>"Test", "address"=>"TEST", "city"=>"Sacramento", "state"=>"CA", "directions"=>"TEST TEST", "ada"=>true, "cleanliness"=>4, "staff_friendliness"=>5}}
Completed 200 OK in 24ms (Views: 0.6ms | ActiveRecord: 0.0ms)


Started GET "/locations/" for 127.0.0.1 at 2018-08-18 15:19:47 -0700
Processing by LocationsController#index as */*
  Parameters: {"location"=>{}}
Completed 200 OK in 4ms (Views: 2.8ms | ActiveRecord: 0.0ms)


Started GET "/locations/17" for 127.0.0.1 at 2018-08-18 15:20:00 -0700
Processing by LocationsController#show as */*
  Parameters: {"id"=>"17", "location"=>{}}
Completed 200 OK in 2ms (Views: 0.4ms | ActiveRecord: 0.0ms)


Started PUT "/locations/17" for 127.0.0.1 at 2018-08-18 15:20:21 -0700
Processing by LocationsController#update as */*
  Parameters: {"name"=>"IS THIS UPDATING BECAUSE THAT WOULD BE REALLY COOL", "address"=>"TEST", "city"=>"Sacramento", "state"=>"CA", "directions"=>"TEST TEST", "ada"=>true, "cleanliness"=>4, "staff_friendliness"=>5, "id"=>"17", "location"=>{"name"=>"IS THIS UPDATING BECAUSE THAT WOULD BE REALLY COOL", "address"=>"TEST", "city"=>"Sacramento", "state"=>"CA", "directions"=>"TEST TEST", "ada"=>true, "cleanliness"=>4, "staff_friendliness"=>5}}
Completed 200 OK in 80ms (Views: 0.5ms | ActiveRecord: 0.0ms)


Started GET "/locations" for 127.0.0.1 at 2018-08-18 15:20:25 -0700
Processing by LocationsController#index as */*
  Parameters: {"location"=>{}}
Completed 200 OK in 4ms (Views: 3.4ms | ActiveRecord: 0.0ms)


Started DELETE "/locations/17" for 127.0.0.1 at 2018-08-18 15:20:36 -0700
Processing by LocationsController#delete as */*
  Parameters: {"name"=>"IS THIS UPDATING BECAUSE THAT WOULD BE REALLY COOL", "address"=>"TEST", "city"=>"Sacramento", "state"=>"CA", "directions"=>"TEST TEST", "ada"=>true, "cleanliness"=>4, "staff_friendliness"=>5, "id"=>"17", "location"=>{"name"=>"IS THIS UPDATING BECAUSE THAT WOULD BE REALLY COOL", "address"=>"TEST", "city"=>"Sacramento", "state"=>"CA", "directions"=>"TEST TEST", "ada"=>true, "cleanliness"=>4, "staff_friendliness"=>5}}
Completed 200 OK in 2ms (Views: 0.3ms | ActiveRecord: 0.0ms)


Started GET "/locations/2" for 127.0.0.1 at 2018-08-18 17:03:00 -0700
Processing by LocationsController#show as HTML
  Parameters: {"id"=>"2"}
Completed 200 OK in 6ms (Views: 1.6ms | ActiveRecord: 0.0ms)


Started GET "/locations/" for 127.0.0.1 at 2018-08-18 17:03:06 -0700
Processing by LocationsController#index as HTML
Completed 200 OK in 8ms (Views: 7.0ms | ActiveRecord: 0.0ms)


Started GET "/public/js/app.js" for 127.0.0.1 at 2018-08-18 17:03:35 -0700
  
ActionController::RoutingError (No route matches [GET] "/public/js/app.js"):
  
actionpack (5.2.1) lib/action_dispatch/middleware/debug_exceptions.rb:65:in `call'
web-console (3.6.2) lib/web_console/middleware.rb:135:in `call_app'
web-console (3.6.2) lib/web_console/middleware.rb:30:in `block in call'
web-console (3.6.2) lib/web_console/middleware.rb:20:in `catch'
web-console (3.6.2) lib/web_console/middleware.rb:20:in `call'
actionpack (5.2.1) lib/action_dispatch/middleware/show_exceptions.rb:33:in `call'
railties (5.2.1) lib/rails/rack/logger.rb:38:in `call_app'
railties (5.2.1) lib/rails/rack/logger.rb:26:in `block in call'
activesupport (5.2.1) lib/active_support/tagged_logging.rb:71:in `block in tagged'
activesupport (5.2.1) lib/active_support/tagged_logging.rb:28:in `tagged'
activesupport (5.2.1) lib/active_support/tagged_logging.rb:71:in `tagged'
railties (5.2.1) lib/rails/rack/logger.rb:26:in `call'
sprockets-rails (3.2.1) lib/sprockets/rails/quiet_assets.rb:13:in `call'
actionpack (5.2.1) lib/action_dispatch/middleware/remote_ip.rb:81:in `call'
actionpack (5.2.1) lib/action_dispatch/middleware/request_id.rb:27:in `call'
rack (2.0.5) lib/rack/method_override.rb:22:in `call'
rack (2.0.5) lib/rack/runtime.rb:22:in `call'
activesupport (5.2.1) lib/active_support/cache/strategy/local_cache_middleware.rb:29:in `call'
actionpack (5.2.1) lib/action_dispatch/middleware/executor.rb:14:in `call'
actionpack (5.2.1) lib/action_dispatch/middleware/static.rb:127:in `call'
rack (2.0.5) lib/rack/sendfile.rb:111:in `call'
railties (5.2.1) lib/rails/engine.rb:524:in `call'
puma (3.12.0) lib/puma/configuration.rb:225:in `call'
puma (3.12.0) lib/puma/server.rb:658:in `handle_request'
puma (3.12.0) lib/puma/server.rb:472:in `process_client'
puma (3.12.0) lib/puma/server.rb:332:in `block in run'
puma (3.12.0) lib/puma/thread_pool.rb:133:in `block in spawn_thread'
Started GET "/js/locationsForm.js" for 127.0.0.1 at 2018-08-20 10:51:21 -0700
  
ActionController::RoutingError (No route matches [GET] "/js/locationsForm.js"):
  
actionpack (5.2.1) lib/action_dispatch/middleware/debug_exceptions.rb:65:in `call'
web-console (3.6.2) lib/web_console/middleware.rb:135:in `call_app'
web-console (3.6.2) lib/web_console/middleware.rb:30:in `block in call'
web-console (3.6.2) lib/web_console/middleware.rb:20:in `catch'
web-console (3.6.2) lib/web_console/middleware.rb:20:in `call'
actionpack (5.2.1) lib/action_dispatch/middleware/show_exceptions.rb:33:in `call'
railties (5.2.1) lib/rails/rack/logger.rb:38:in `call_app'
railties (5.2.1) lib/rails/rack/logger.rb:26:in `block in call'
activesupport (5.2.1) lib/active_support/tagged_logging.rb:71:in `block in tagged'
activesupport (5.2.1) lib/active_support/tagged_logging.rb:28:in `tagged'
activesupport (5.2.1) lib/active_support/tagged_logging.rb:71:in `tagged'
railties (5.2.1) lib/rails/rack/logger.rb:26:in `call'
sprockets-rails (3.2.1) lib/sprockets/rails/quiet_assets.rb:13:in `call'
actionpack (5.2.1) lib/action_dispatch/middleware/remote_ip.rb:81:in `call'
actionpack (5.2.1) lib/action_dispatch/middleware/request_id.rb:27:in `call'
rack (2.0.5) lib/rack/method_override.rb:22:in `call'
rack (2.0.5) lib/rack/runtime.rb:22:in `call'
activesupport (5.2.1) lib/active_support/cache/strategy/local_cache_middleware.rb:29:in `call'
actionpack (5.2.1) lib/action_dispatch/middleware/executor.rb:14:in `call'
actionpack (5.2.1) lib/action_dispatch/middleware/static.rb:127:in `call'
rack (2.0.5) lib/rack/sendfile.rb:111:in `call'
railties (5.2.1) lib/rails/engine.rb:524:in `call'
puma (3.12.0) lib/puma/configuration.rb:225:in `call'
puma (3.12.0) lib/puma/server.rb:658:in `handle_request'
puma (3.12.0) lib/puma/server.rb:472:in `process_client'
puma (3.12.0) lib/puma/server.rb:332:in `block in run'
puma (3.12.0) lib/puma/thread_pool.rb:133:in `block in spawn_thread'
Started GET "/js/locationsForm.js" for 127.0.0.1 at 2018-08-20 10:51:40 -0700
  
ActionController::RoutingError (No route matches [GET] "/js/locationsForm.js"):
  
actionpack (5.2.1) lib/action_dispatch/middleware/debug_exceptions.rb:65:in `call'
web-console (3.6.2) lib/web_console/middleware.rb:135:in `call_app'
web-console (3.6.2) lib/web_console/middleware.rb:30:in `block in call'
web-console (3.6.2) lib/web_console/middleware.rb:20:in `catch'
web-console (3.6.2) lib/web_console/middleware.rb:20:in `call'
actionpack (5.2.1) lib/action_dispatch/middleware/show_exceptions.rb:33:in `call'
railties (5.2.1) lib/rails/rack/logger.rb:38:in `call_app'
railties (5.2.1) lib/rails/rack/logger.rb:26:in `block in call'
activesupport (5.2.1) lib/active_support/tagged_logging.rb:71:in `block in tagged'
activesupport (5.2.1) lib/active_support/tagged_logging.rb:28:in `tagged'
activesupport (5.2.1) lib/active_support/tagged_logging.rb:71:in `tagged'
railties (5.2.1) lib/rails/rack/logger.rb:26:in `call'
sprockets-rails (3.2.1) lib/sprockets/rails/quiet_assets.rb:13:in `call'
actionpack (5.2.1) lib/action_dispatch/middleware/remote_ip.rb:81:in `call'
actionpack (5.2.1) lib/action_dispatch/middleware/request_id.rb:27:in `call'
rack (2.0.5) lib/rack/method_override.rb:22:in `call'
rack (2.0.5) lib/rack/runtime.rb:22:in `call'
activesupport (5.2.1) lib/active_support/cache/strategy/local_cache_middleware.rb:29:in `call'
actionpack (5.2.1) lib/action_dispatch/middleware/executor.rb:14:in `call'
actionpack (5.2.1) lib/action_dispatch/middleware/static.rb:127:in `call'
rack (2.0.5) lib/rack/sendfile.rb:111:in `call'
railties (5.2.1) lib/rails/engine.rb:524:in `call'
puma (3.12.0) lib/puma/configuration.rb:225:in `call'
puma (3.12.0) lib/puma/server.rb:658:in `handle_request'
puma (3.12.0) lib/puma/server.rb:472:in `process_client'
puma (3.12.0) lib/puma/server.rb:332:in `block in run'
puma (3.12.0) lib/puma/thread_pool.rb:133:in `block in spawn_thread'
Started GET "/css/main.css" for 127.0.0.1 at 2018-08-20 13:31:48 -0700
  
ActionController::RoutingError (No route matches [GET] "/css/main.css"):
  
actionpack (5.2.1) lib/action_dispatch/middleware/debug_exceptions.rb:65:in `call'
web-console (3.6.2) lib/web_console/middleware.rb:135:in `call_app'
web-console (3.6.2) lib/web_console/middleware.rb:30:in `block in call'
web-console (3.6.2) lib/web_console/middleware.rb:20:in `catch'
web-console (3.6.2) lib/web_console/middleware.rb:20:in `call'
actionpack (5.2.1) lib/action_dispatch/middleware/show_exceptions.rb:33:in `call'
railties (5.2.1) lib/rails/rack/logger.rb:38:in `call_app'
railties (5.2.1) lib/rails/rack/logger.rb:26:in `block in call'
activesupport (5.2.1) lib/active_support/tagged_logging.rb:71:in `block in tagged'
activesupport (5.2.1) lib/active_support/tagged_logging.rb:28:in `tagged'
activesupport (5.2.1) lib/active_support/tagged_logging.rb:71:in `tagged'
railties (5.2.1) lib/rails/rack/logger.rb:26:in `call'
sprockets-rails (3.2.1) lib/sprockets/rails/quiet_assets.rb:13:in `call'
actionpack (5.2.1) lib/action_dispatch/middleware/remote_ip.rb:81:in `call'
actionpack (5.2.1) lib/action_dispatch/middleware/request_id.rb:27:in `call'
rack (2.0.5) lib/rack/method_override.rb:22:in `call'
rack (2.0.5) lib/rack/runtime.rb:22:in `call'
activesupport (5.2.1) lib/active_support/cache/strategy/local_cache_middleware.rb:29:in `call'
actionpack (5.2.1) lib/action_dispatch/middleware/executor.rb:14:in `call'
actionpack (5.2.1) lib/action_dispatch/middleware/static.rb:127:in `call'
rack (2.0.5) lib/rack/sendfile.rb:111:in `call'
railties (5.2.1) lib/rails/engine.rb:524:in `call'
puma (3.12.0) lib/puma/configuration.rb:225:in `call'
puma (3.12.0) lib/puma/server.rb:658:in `handle_request'
puma (3.12.0) lib/puma/server.rb:472:in `process_client'
puma (3.12.0) lib/puma/server.rb:332:in `block in run'
puma (3.12.0) lib/puma/thread_pool.rb:133:in `block in spawn_thread'
Started GET "/css/main.css" for 127.0.0.1 at 2018-08-20 13:31:58 -0700
  
ActionController::RoutingError (No route matches [GET] "/css/main.css"):
  
actionpack (5.2.1) lib/action_dispatch/middleware/debug_exceptions.rb:65:in `call'
web-console (3.6.2) lib/web_console/middleware.rb:135:in `call_app'
web-console (3.6.2) lib/web_console/middleware.rb:30:in `block in call'
web-console (3.6.2) lib/web_console/middleware.rb:20:in `catch'
web-console (3.6.2) lib/web_console/middleware.rb:20:in `call'
actionpack (5.2.1) lib/action_dispatch/middleware/show_exceptions.rb:33:in `call'
railties (5.2.1) lib/rails/rack/logger.rb:38:in `call_app'
railties (5.2.1) lib/rails/rack/logger.rb:26:in `block in call'
activesupport (5.2.1) lib/active_support/tagged_logging.rb:71:in `block in tagged'
activesupport (5.2.1) lib/active_support/tagged_logging.rb:28:in `tagged'
activesupport (5.2.1) lib/active_support/tagged_logging.rb:71:in `tagged'
railties (5.2.1) lib/rails/rack/logger.rb:26:in `call'
sprockets-rails (3.2.1) lib/sprockets/rails/quiet_assets.rb:13:in `call'
actionpack (5.2.1) lib/action_dispatch/middleware/remote_ip.rb:81:in `call'
actionpack (5.2.1) lib/action_dispatch/middleware/request_id.rb:27:in `call'
rack (2.0.5) lib/rack/method_override.rb:22:in `call'
rack (2.0.5) lib/rack/runtime.rb:22:in `call'
activesupport (5.2.1) lib/active_support/cache/strategy/local_cache_middleware.rb:29:in `call'
actionpack (5.2.1) lib/action_dispatch/middleware/executor.rb:14:in `call'
actionpack (5.2.1) lib/action_dispatch/middleware/static.rb:127:in `call'
rack (2.0.5) lib/rack/sendfile.rb:111:in `call'
railties (5.2.1) lib/rails/engine.rb:524:in `call'
puma (3.12.0) lib/puma/configuration.rb:225:in `call'
puma (3.12.0) lib/puma/server.rb:658:in `handle_request'
puma (3.12.0) lib/puma/server.rb:472:in `process_client'
puma (3.12.0) lib/puma/server.rb:332:in `block in run'
puma (3.12.0) lib/puma/thread_pool.rb:133:in `block in spawn_thread'
Started GET "/locations" for 127.0.0.1 at 2018-08-20 14:43:01 -0700
Processing by LocationsController#index as */*
Completed 200 OK in 828ms (Views: 46.0ms | ActiveRecord: 0.0ms)


Started GET "/locations" for 127.0.0.1 at 2018-08-20 14:43:36 -0700
Processing by LocationsController#index as */*
Completed 200 OK in 4ms (Views: 2.4ms | ActiveRecord: 0.0ms)


Started GET "/locations" for 127.0.0.1 at 2018-08-20 14:44:13 -0700
Processing by LocationsController#index as */*
Completed 200 OK in 11ms (Views: 5.7ms | ActiveRecord: 0.0ms)


Started GET "/locations" for 127.0.0.1 at 2018-08-20 15:36:33 -0700
Processing by LocationsController#index as */*
Completed 200 OK in 27ms (Views: 16.0ms | ActiveRecord: 0.0ms)


Started GET "/locations" for 127.0.0.1 at 2018-08-20 15:36:35 -0700
Processing by LocationsController#index as */*
Completed 200 OK in 5ms (Views: 3.8ms | ActiveRecord: 0.0ms)


Started GET "/locations" for 127.0.0.1 at 2018-08-20 15:36:50 -0700
Processing by LocationsController#index as */*
Completed 200 OK in 8ms (Views: 5.7ms | ActiveRecord: 0.0ms)


Started GET "/locations" for 127.0.0.1 at 2018-08-20 15:37:59 -0700
Processing by LocationsController#index as */*
Completed 200 OK in 32ms (Views: 22.6ms | ActiveRecord: 0.0ms)


Started GET "/locations" for 127.0.0.1 at 2018-08-20 15:38:33 -0700
Processing by LocationsController#index as */*
Completed 200 OK in 11ms (Views: 9.1ms | ActiveRecord: 0.0ms)


Started GET "/locations" for 127.0.0.1 at 2018-08-20 15:44:37 -0700
Processing by LocationsController#index as */*
Completed 200 OK in 19ms (Views: 11.9ms | ActiveRecord: 0.0ms)


Started GET "/locations" for 127.0.0.1 at 2018-08-20 16:34:58 -0700
Processing by LocationsController#index as */*
Completed 200 OK in 19ms (Views: 10.6ms | ActiveRecord: 0.0ms)


Started GET "/locations" for 127.0.0.1 at 2018-08-20 16:35:31 -0700
Processing by LocationsController#index as */*
Completed 200 OK in 43ms (Views: 41.2ms | ActiveRecord: 0.0ms)


Started GET "/locations" for 127.0.0.1 at 2018-08-20 16:43:26 -0700
Processing by LocationsController#index as */*
Completed 200 OK in 2ms (Views: 1.6ms | ActiveRecord: 0.0ms)


Started GET "/locations" for 127.0.0.1 at 2018-08-20 17:09:32 -0700
Processing by LocationsController#index as */*
Completed 200 OK in 3ms (Views: 2.3ms | ActiveRecord: 0.0ms)


Started GET "/locations" for 127.0.0.1 at 2018-08-20 17:19:23 -0700
Processing by LocationsController#index as */*
Completed 200 OK in 4ms (Views: 2.3ms | ActiveRecord: 0.0ms)


Started GET "/locations" for 127.0.0.1 at 2018-08-20 17:23:43 -0700
Processing by LocationsController#index as */*
Completed 200 OK in 5ms (Views: 3.9ms | ActiveRecord: 0.0ms)


Started POST "/locations" for 127.0.0.1 at 2018-08-20 17:23:49 -0700
Processing by LocationsController#create as HTML
  Parameters: {"name"=>"", "address"=>"", "city"=>"", "state"=>"", "directions"=>"", "ada"=>"", "cleanliness"=>"", "staff_friendliness"=>"", "location"=>{"name"=>"", "address"=>"", "city"=>"", "state"=>"", "directions"=>"", "ada"=>"", "cleanliness"=>"", "staff_friendliness"=>""}}
Completed 500 Internal Server Error in 112ms (ActiveRecord: 0.0ms)


  
PG::SyntaxError (ERROR:  syntax error at or near ","
LINE 2:         VALUES ('', '', '', '', '', , , )
                                            ^
):
  
app/models/location.rb:41:in `exec'
app/models/location.rb:41:in `create'
app/controllers/locations_controller.rb:16:in `create'
Started GET "/locations" for 127.0.0.1 at 2018-08-20 17:24:08 -0700
Processing by LocationsController#index as */*
Completed 200 OK in 3ms (Views: 1.8ms | ActiveRecord: 0.0ms)


Started GET "/locations" for 127.0.0.1 at 2018-08-20 17:25:13 -0700
Processing by LocationsController#index as */*
Completed 200 OK in 4ms (Views: 2.0ms | ActiveRecord: 0.0ms)


Started POST "/locations" for 127.0.0.1 at 2018-08-20 17:25:47 -0700
Processing by LocationsController#create as HTML
  Parameters: {"name"=>"test", "address"=>"tesaet", "city"=>"asd", "state"=>"ca", "directions"=>"asdiaj;og", "ada"=>"", "cleanliness"=>"5", "staff_friendliness"=>"", "friendliness"=>"3", "location"=>{"name"=>"test", "address"=>"tesaet", "city"=>"asd", "state"=>"ca", "directions"=>"asdiaj;og", "ada"=>"", "cleanliness"=>"5", "staff_friendliness"=>"", "friendliness"=>"3"}}
Completed 500 Internal Server Error in 1ms (ActiveRecord: 0.0ms)


  
PG::SyntaxError (ERROR:  syntax error at or near ","
LINE 2: ...  VALUES ('test', 'tesaet', 'asd', 'ca', 'asdiaj;og', , 5, )
                                                                 ^
):
  
app/models/location.rb:41:in `exec'
app/models/location.rb:41:in `create'
app/controllers/locations_controller.rb:16:in `create'
Started GET "/locations" for 127.0.0.1 at 2018-08-20 17:40:10 -0700
Processing by LocationsController#index as */*
Completed 200 OK in 18ms (Views: 7.9ms | ActiveRecord: 0.0ms)


Started POST "/locations" for 127.0.0.1 at 2018-08-20 17:40:14 -0700
Processing by LocationsController#create as HTML
  Parameters: {"name"=>"asdf", "address"=>"", "city"=>"", "state"=>"", "directions"=>"", "ada"=>"", "cleanliness"=>"", "staff_friendliness"=>"", "location"=>{"name"=>"asdf", "address"=>"", "city"=>"", "state"=>"", "directions"=>"", "ada"=>"", "cleanliness"=>"", "staff_friendliness"=>""}}
Completed 500 Internal Server Error in 3ms (ActiveRecord: 0.0ms)


  
PG::SyntaxError (ERROR:  syntax error at or near ","
LINE 2:         VALUES ('asdf', '', '', '', '', , , )
                                                ^
):
  
app/models/location.rb:41:in `exec'
app/models/location.rb:41:in `create'
app/controllers/locations_controller.rb:16:in `create'
Started POST "/locations" for 127.0.0.1 at 2018-08-20 17:43:38 -0700
Processing by LocationsController#create as HTML
  Parameters: {"name"=>"asdf", "address"=>"", "city"=>"", "state"=>"", "directions"=>"", "ada"=>"", "cleanliness"=>"", "staff_friendliness"=>"", "location"=>{"name"=>"asdf", "address"=>"", "city"=>"", "state"=>"", "directions"=>"", "ada"=>"", "cleanliness"=>"", "staff_friendliness"=>""}}
Completed 500 Internal Server Error in 2ms (ActiveRecord: 0.0ms)


  
PG::SyntaxError (ERROR:  syntax error at or near ","
LINE 2:         VALUES ('asdf', '', '', '', '', , , )
                                                ^
):
  
app/models/location.rb:41:in `exec'
app/models/location.rb:41:in `create'
app/controllers/locations_controller.rb:16:in `create'
Started GET "/locations" for 127.0.0.1 at 2018-08-20 17:49:04 -0700
Processing by LocationsController#index as */*
Completed 200 OK in 11ms (Views: 5.5ms | ActiveRecord: 0.0ms)


Started POST "/locations" for 127.0.0.1 at 2018-08-20 17:49:22 -0700
Processing by LocationsController#create as HTML
  Parameters: {"name"=>"test", "address"=>"test", "city"=>"test", "state"=>"ca", "directions"=>"test", "ada"=>"", "cleanliness"=>"4", "staff_friendliness"=>"3", "location"=>{"name"=>"test", "address"=>"test", "city"=>"test", "state"=>"ca", "directions"=>"test", "ada"=>"", "cleanliness"=>"4", "staff_friendliness"=>"3"}}
Completed 500 Internal Server Error in 4ms (ActiveRecord: 0.0ms)


  
PG::SyntaxError (ERROR:  syntax error at or near ","
LINE 2: ...       VALUES ('test', 'test', 'test', 'ca', 'test', , 4, 3)
                                                                ^
):
  
app/models/location.rb:41:in `exec'
app/models/location.rb:41:in `create'
app/controllers/locations_controller.rb:16:in `create'
Started POST "/locations" for 127.0.0.1 at 2018-08-20 17:51:36 -0700
Processing by LocationsController#create as HTML
  Parameters: {"name"=>"trest", "address"=>"trest", "city"=>"test", "state"=>"test", "directions"=>"tes", "ada"=>"", "cleanliness"=>"3", "staff_friendliness"=>"5", "location"=>{"name"=>"trest", "address"=>"trest", "city"=>"test", "state"=>"test", "directions"=>"tes", "ada"=>"", "cleanliness"=>"3", "staff_friendliness"=>"5"}}
Completed 500 Internal Server Error in 2ms (ActiveRecord: 0.0ms)


  
PG::SyntaxError (ERROR:  syntax error at or near ","
LINE 2: ...    VALUES ('trest', 'trest', 'test', 'test', 'tes', , 3, 5)
                                                                ^
):
  
app/models/location.rb:41:in `exec'
app/models/location.rb:41:in `create'
app/controllers/locations_controller.rb:16:in `create'
Started GET "/locations" for 127.0.0.1 at 2018-08-20 17:54:33 -0700
Processing by LocationsController#index as */*
Completed 200 OK in 11ms (Views: 7.2ms | ActiveRecord: 0.0ms)


Started POST "/locations" for 127.0.0.1 at 2018-08-20 17:54:48 -0700
Processing by LocationsController#create as HTML
  Parameters: {"name"=>"trest", "address"=>"test", "city"=>"test", "state"=>"ca", "directions"=>"test", "ada"=>"", "cleanliness"=>"3", "staff_friendliness"=>"3", "location"=>{"name"=>"trest", "address"=>"test", "city"=>"test", "state"=>"ca", "directions"=>"test", "ada"=>"", "cleanliness"=>"3", "staff_friendliness"=>"3"}}
Completed 500 Internal Server Error in 3ms (ActiveRecord: 0.0ms)


  
PG::SyntaxError (ERROR:  syntax error at or near ","
LINE 2: ...      VALUES ('trest', 'test', 'test', 'ca', 'test', , 3, 3)
                                                                ^
):
  
app/models/location.rb:41:in `exec'
app/models/location.rb:41:in `create'
app/controllers/locations_controller.rb:16:in `create'
Started GET "/locations" for 127.0.0.1 at 2018-08-20 18:02:57 -0700
Processing by LocationsController#index as */*
Completed 200 OK in 4ms (Views: 1.9ms | ActiveRecord: 0.0ms)


Started POST "/locations" for 127.0.0.1 at 2018-08-20 18:03:12 -0700
Processing by LocationsController#create as HTML
  Parameters: {"name"=>"test", "address"=>"test", "city"=>"test", "state"=>"as", "directions"=>"sas", "ada"=>"", "cleanliness"=>"3", "staff_friendliness"=>"3", "location"=>{"name"=>"test", "address"=>"test", "city"=>"test", "state"=>"as", "directions"=>"sas", "ada"=>"", "cleanliness"=>"3", "staff_friendliness"=>"3"}}
Completed 500 Internal Server Error in 2ms (ActiveRecord: 0.0ms)


  
PG::SyntaxError (ERROR:  syntax error at or near ","
LINE 2:         VALUES ('test', 'test', 'test', 'as', 'sas', , 3, 3)
                                                             ^
):
  
app/models/location.rb:41:in `exec'
app/models/location.rb:41:in `create'
app/controllers/locations_controller.rb:16:in `create'
Started GET "/locations" for 127.0.0.1 at 2018-08-20 18:10:35 -0700
Processing by LocationsController#index as */*
Completed 200 OK in 8ms (Views: 3.8ms | ActiveRecord: 0.0ms)


Started GET "/locations" for 127.0.0.1 at 2018-08-20 18:14:03 -0700
Processing by LocationsController#index as */*
Completed 200 OK in 7ms (Views: 4.9ms | ActiveRecord: 0.0ms)


Started GET "/locations" for 127.0.0.1 at 2018-08-20 18:14:15 -0700
Processing by LocationsController#index as */*
Completed 200 OK in 7ms (Views: 5.0ms | ActiveRecord: 0.0ms)


Started GET "/locations" for 127.0.0.1 at 2018-08-20 18:14:32 -0700
Processing by LocationsController#index as */*
Completed 200 OK in 7ms (Views: 5.4ms | ActiveRecord: 0.0ms)


Started GET "/locations" for 127.0.0.1 at 2018-08-20 18:17:04 -0700
Processing by LocationsController#index as */*
Completed 200 OK in 7ms (Views: 4.2ms | ActiveRecord: 0.0ms)


Started GET "/locations" for 127.0.0.1 at 2018-08-20 18:23:45 -0700
Processing by LocationsController#index as */*
Completed 200 OK in 8ms (Views: 4.3ms | ActiveRecord: 0.0ms)


Started GET "/locations" for 127.0.0.1 at 2018-08-20 18:24:29 -0700
Processing by LocationsController#index as */*
Completed 200 OK in 13ms (Views: 10.9ms | ActiveRecord: 0.0ms)


Started PUT "/people/undefined" for 127.0.0.1 at 2018-08-20 18:24:38 -0700
  
ActionController::RoutingError (No route matches [PUT] "/people/undefined"):
  
actionpack (5.2.1) lib/action_dispatch/middleware/debug_exceptions.rb:65:in `call'
web-console (3.6.2) lib/web_console/middleware.rb:135:in `call_app'
web-console (3.6.2) lib/web_console/middleware.rb:30:in `block in call'
web-console (3.6.2) lib/web_console/middleware.rb:20:in `catch'
web-console (3.6.2) lib/web_console/middleware.rb:20:in `call'
actionpack (5.2.1) lib/action_dispatch/middleware/show_exceptions.rb:33:in `call'
railties (5.2.1) lib/rails/rack/logger.rb:38:in `call_app'
railties (5.2.1) lib/rails/rack/logger.rb:26:in `block in call'
activesupport (5.2.1) lib/active_support/tagged_logging.rb:71:in `block in tagged'
activesupport (5.2.1) lib/active_support/tagged_logging.rb:28:in `tagged'
activesupport (5.2.1) lib/active_support/tagged_logging.rb:71:in `tagged'
railties (5.2.1) lib/rails/rack/logger.rb:26:in `call'
sprockets-rails (3.2.1) lib/sprockets/rails/quiet_assets.rb:13:in `call'
actionpack (5.2.1) lib/action_dispatch/middleware/remote_ip.rb:81:in `call'
actionpack (5.2.1) lib/action_dispatch/middleware/request_id.rb:27:in `call'
rack (2.0.5) lib/rack/method_override.rb:22:in `call'
rack (2.0.5) lib/rack/runtime.rb:22:in `call'
activesupport (5.2.1) lib/active_support/cache/strategy/local_cache_middleware.rb:29:in `call'
actionpack (5.2.1) lib/action_dispatch/middleware/executor.rb:14:in `call'
actionpack (5.2.1) lib/action_dispatch/middleware/static.rb:127:in `call'
rack (2.0.5) lib/rack/sendfile.rb:111:in `call'
railties (5.2.1) lib/rails/engine.rb:524:in `call'
puma (3.12.0) lib/puma/configuration.rb:225:in `call'
puma (3.12.0) lib/puma/server.rb:658:in `handle_request'
puma (3.12.0) lib/puma/server.rb:472:in `process_client'
puma (3.12.0) lib/puma/server.rb:332:in `block in run'
puma (3.12.0) lib/puma/thread_pool.rb:133:in `block in spawn_thread'
Started GET "/locations" for 127.0.0.1 at 2018-08-20 18:26:06 -0700
Processing by LocationsController#index as */*
Completed 200 OK in 3ms (Views: 2.3ms | ActiveRecord: 0.0ms)


Started GET "/locations" for 127.0.0.1 at 2018-08-20 18:28:04 -0700
Processing by LocationsController#index as */*
Completed 200 OK in 9ms (Views: 6.9ms | ActiveRecord: 0.0ms)


Started PUT "/locations/undefined" for 127.0.0.1 at 2018-08-20 18:28:13 -0700
Processing by LocationsController#update as HTML
  Parameters: {"name"=>"", "address"=>"", "city"=>"", "state"=>"", "directions"=>"", "ada"=>"", "cleanliness"=>"", "staff_friendliness"=>"", "id"=>"undefined", "location"=>{"name"=>"", "address"=>"", "city"=>"", "state"=>"", "directions"=>"", "ada"=>"", "cleanliness"=>"", "staff_friendliness"=>""}}
Completed 500 Internal Server Error in 53ms (ActiveRecord: 0.0ms)


  
PG::SyntaxError (ERROR:  syntax error at or near ","
LINE 2: ...address='', city='', state='', directions='', ada=, cleanlin...
                                                             ^
):
  
app/models/location.rb:71:in `exec'
app/models/location.rb:71:in `update'
app/controllers/locations_controller.rb:26:in `update'
Started GET "/locations" for 127.0.0.1 at 2018-08-20 18:29:27 -0700
Processing by LocationsController#index as */*
Completed 200 OK in 7ms (Views: 5.5ms | ActiveRecord: 0.0ms)


Started GET "/locations" for 127.0.0.1 at 2018-08-20 18:33:01 -0700
Processing by LocationsController#index as */*
Completed 200 OK in 6ms (Views: 4.0ms | ActiveRecord: 0.0ms)


Started GET "/locations" for 127.0.0.1 at 2018-08-20 18:33:30 -0700
Processing by LocationsController#index as */*
Completed 200 OK in 4ms (Views: 3.2ms | ActiveRecord: 0.0ms)


Started GET "/badges.html" for 127.0.0.1 at 2018-08-20 18:33:34 -0700
  
ActionController::RoutingError (No route matches [GET] "/badges.html"):
  
actionpack (5.2.1) lib/action_dispatch/middleware/debug_exceptions.rb:65:in `call'
web-console (3.6.2) lib/web_console/middleware.rb:135:in `call_app'
web-console (3.6.2) lib/web_console/middleware.rb:30:in `block in call'
web-console (3.6.2) lib/web_console/middleware.rb:20:in `catch'
web-console (3.6.2) lib/web_console/middleware.rb:20:in `call'
actionpack (5.2.1) lib/action_dispatch/middleware/show_exceptions.rb:33:in `call'
railties (5.2.1) lib/rails/rack/logger.rb:38:in `call_app'
railties (5.2.1) lib/rails/rack/logger.rb:26:in `block in call'
activesupport (5.2.1) lib/active_support/tagged_logging.rb:71:in `block in tagged'
activesupport (5.2.1) lib/active_support/tagged_logging.rb:28:in `tagged'
activesupport (5.2.1) lib/active_support/tagged_logging.rb:71:in `tagged'
railties (5.2.1) lib/rails/rack/logger.rb:26:in `call'
sprockets-rails (3.2.1) lib/sprockets/rails/quiet_assets.rb:13:in `call'
actionpack (5.2.1) lib/action_dispatch/middleware/remote_ip.rb:81:in `call'
actionpack (5.2.1) lib/action_dispatch/middleware/request_id.rb:27:in `call'
rack (2.0.5) lib/rack/method_override.rb:22:in `call'
rack (2.0.5) lib/rack/runtime.rb:22:in `call'
activesupport (5.2.1) lib/active_support/cache/strategy/local_cache_middleware.rb:29:in `call'
actionpack (5.2.1) lib/action_dispatch/middleware/executor.rb:14:in `call'
actionpack (5.2.1) lib/action_dispatch/middleware/static.rb:127:in `call'
rack (2.0.5) lib/rack/sendfile.rb:111:in `call'
railties (5.2.1) lib/rails/engine.rb:524:in `call'
puma (3.12.0) lib/puma/configuration.rb:225:in `call'
puma (3.12.0) lib/puma/server.rb:658:in `handle_request'
puma (3.12.0) lib/puma/server.rb:472:in `process_client'
puma (3.12.0) lib/puma/server.rb:332:in `block in run'
puma (3.12.0) lib/puma/thread_pool.rb:133:in `block in spawn_thread'
Started GET "/sass.html" for 127.0.0.1 at 2018-08-20 18:33:34 -0700
  
ActionController::RoutingError (No route matches [GET] "/sass.html"):
  
actionpack (5.2.1) lib/action_dispatch/middleware/debug_exceptions.rb:65:in `call'
web-console (3.6.2) lib/web_console/middleware.rb:135:in `call_app'
web-console (3.6.2) lib/web_console/middleware.rb:30:in `block in call'
web-console (3.6.2) lib/web_console/middleware.rb:20:in `catch'
web-console (3.6.2) lib/web_console/middleware.rb:20:in `call'
actionpack (5.2.1) lib/action_dispatch/middleware/show_exceptions.rb:33:in `call'
railties (5.2.1) lib/rails/rack/logger.rb:38:in `call_app'
railties (5.2.1) lib/rails/rack/logger.rb:26:in `block in call'
activesupport (5.2.1) lib/active_support/tagged_logging.rb:71:in `block in tagged'
activesupport (5.2.1) lib/active_support/tagged_logging.rb:28:in `tagged'
activesupport (5.2.1) lib/active_support/tagged_logging.rb:71:in `tagged'
railties (5.2.1) lib/rails/rack/logger.rb:26:in `call'
sprockets-rails (3.2.1) lib/sprockets/rails/quiet_assets.rb:13:in `call'
actionpack (5.2.1) lib/action_dispatch/middleware/remote_ip.rb:81:in `call'
actionpack (5.2.1) lib/action_dispatch/middleware/request_id.rb:27:in `call'
rack (2.0.5) lib/rack/method_override.rb:22:in `call'
rack (2.0.5) lib/rack/runtime.rb:22:in `call'
activesupport (5.2.1) lib/active_support/cache/strategy/local_cache_middleware.rb:29:in `call'
actionpack (5.2.1) lib/action_dispatch/middleware/executor.rb:14:in `call'
actionpack (5.2.1) lib/action_dispatch/middleware/static.rb:127:in `call'
rack (2.0.5) lib/rack/sendfile.rb:111:in `call'
railties (5.2.1) lib/rails/engine.rb:524:in `call'
puma (3.12.0) lib/puma/configuration.rb:225:in `call'
puma (3.12.0) lib/puma/server.rb:658:in `handle_request'
puma (3.12.0) lib/puma/server.rb:472:in `process_client'
puma (3.12.0) lib/puma/server.rb:332:in `block in run'
puma (3.12.0) lib/puma/thread_pool.rb:133:in `block in spawn_thread'
Started GET "/badges.html" for 127.0.0.1 at 2018-08-20 18:33:34 -0700
  
ActionController::RoutingError (No route matches [GET] "/badges.html"):
  
actionpack (5.2.1) lib/action_dispatch/middleware/debug_exceptions.rb:65:in `call'
web-console (3.6.2) lib/web_console/middleware.rb:135:in `call_app'
web-console (3.6.2) lib/web_console/middleware.rb:30:in `block in call'
web-console (3.6.2) lib/web_console/middleware.rb:20:in `catch'
web-console (3.6.2) lib/web_console/middleware.rb:20:in `call'
actionpack (5.2.1) lib/action_dispatch/middleware/show_exceptions.rb:33:in `call'
railties (5.2.1) lib/rails/rack/logger.rb:38:in `call_app'
railties (5.2.1) lib/rails/rack/logger.rb:26:in `block in call'
activesupport (5.2.1) lib/active_support/tagged_logging.rb:71:in `block in tagged'
activesupport (5.2.1) lib/active_support/tagged_logging.rb:28:in `tagged'
activesupport (5.2.1) lib/active_support/tagged_logging.rb:71:in `tagged'
railties (5.2.1) lib/rails/rack/logger.rb:26:in `call'
sprockets-rails (3.2.1) lib/sprockets/rails/quiet_assets.rb:13:in `call'
actionpack (5.2.1) lib/action_dispatch/middleware/remote_ip.rb:81:in `call'
actionpack (5.2.1) lib/action_dispatch/middleware/request_id.rb:27:in `call'
rack (2.0.5) lib/rack/method_override.rb:22:in `call'
rack (2.0.5) lib/rack/runtime.rb:22:in `call'
activesupport (5.2.1) lib/active_support/cache/strategy/local_cache_middleware.rb:29:in `call'
actionpack (5.2.1) lib/action_dispatch/middleware/executor.rb:14:in `call'
actionpack (5.2.1) lib/action_dispatch/middleware/static.rb:127:in `call'
rack (2.0.5) lib/rack/sendfile.rb:111:in `call'
railties (5.2.1) lib/rails/engine.rb:524:in `call'
puma (3.12.0) lib/puma/configuration.rb:225:in `call'
puma (3.12.0) lib/puma/server.rb:658:in `handle_request'
puma (3.12.0) lib/puma/server.rb:472:in `process_client'
puma (3.12.0) lib/puma/server.rb:332:in `block in run'
puma (3.12.0) lib/puma/thread_pool.rb:133:in `block in spawn_thread'
Started GET "/locations" for 127.0.0.1 at 2018-08-20 18:33:50 -0700
Processing by LocationsController#index as */*
Completed 200 OK in 4ms (Views: 2.8ms | ActiveRecord: 0.0ms)


Started GET "/sass.html" for 127.0.0.1 at 2018-08-20 18:33:51 -0700
  
ActionController::RoutingError (No route matches [GET] "/sass.html"):
  
actionpack (5.2.1) lib/action_dispatch/middleware/debug_exceptions.rb:65:in `call'
web-console (3.6.2) lib/web_console/middleware.rb:135:in `call_app'
web-console (3.6.2) lib/web_console/middleware.rb:30:in `block in call'
web-console (3.6.2) lib/web_console/middleware.rb:20:in `catch'
web-console (3.6.2) lib/web_console/middleware.rb:20:in `call'
actionpack (5.2.1) lib/action_dispatch/middleware/show_exceptions.rb:33:in `call'
railties (5.2.1) lib/rails/rack/logger.rb:38:in `call_app'
railties (5.2.1) lib/rails/rack/logger.rb:26:in `block in call'
activesupport (5.2.1) lib/active_support/tagged_logging.rb:71:in `block in tagged'
activesupport (5.2.1) lib/active_support/tagged_logging.rb:28:in `tagged'
activesupport (5.2.1) lib/active_support/tagged_logging.rb:71:in `tagged'
railties (5.2.1) lib/rails/rack/logger.rb:26:in `call'
sprockets-rails (3.2.1) lib/sprockets/rails/quiet_assets.rb:13:in `call'
actionpack (5.2.1) lib/action_dispatch/middleware/remote_ip.rb:81:in `call'
actionpack (5.2.1) lib/action_dispatch/middleware/request_id.rb:27:in `call'
rack (2.0.5) lib/rack/method_override.rb:22:in `call'
rack (2.0.5) lib/rack/runtime.rb:22:in `call'
activesupport (5.2.1) lib/active_support/cache/strategy/local_cache_middleware.rb:29:in `call'
actionpack (5.2.1) lib/action_dispatch/middleware/executor.rb:14:in `call'
actionpack (5.2.1) lib/action_dispatch/middleware/static.rb:127:in `call'
rack (2.0.5) lib/rack/sendfile.rb:111:in `call'
railties (5.2.1) lib/rails/engine.rb:524:in `call'
puma (3.12.0) lib/puma/configuration.rb:225:in `call'
puma (3.12.0) lib/puma/server.rb:658:in `handle_request'
puma (3.12.0) lib/puma/server.rb:472:in `process_client'
puma (3.12.0) lib/puma/server.rb:332:in `block in run'
puma (3.12.0) lib/puma/thread_pool.rb:133:in `block in spawn_thread'
Started GET "/locations" for 127.0.0.1 at 2018-08-20 18:34:29 -0700
Processing by LocationsController#index as */*
Completed 200 OK in 4ms (Views: 3.1ms | ActiveRecord: 0.0ms)


Started GET "/locations" for 127.0.0.1 at 2018-08-20 18:34:54 -0700
Processing by LocationsController#index as */*
Completed 200 OK in 4ms (Views: 3.1ms | ActiveRecord: 0.0ms)


Started GET "/locations" for 127.0.0.1 at 2018-08-20 18:35:18 -0700
Processing by LocationsController#index as */*
Completed 200 OK in 4ms (Views: 3.2ms | ActiveRecord: 0.0ms)


Started GET "/locations" for 127.0.0.1 at 2018-08-20 18:36:44 -0700
Processing by LocationsController#index as */*
Completed 200 OK in 26ms (Views: 24.4ms | ActiveRecord: 0.0ms)


Started GET "/locations" for 127.0.0.1 at 2018-08-20 18:37:05 -0700
Processing by LocationsController#index as */*
Completed 200 OK in 5ms (Views: 4.1ms | ActiveRecord: 0.0ms)


Started GET "/locations" for 127.0.0.1 at 2018-08-20 18:37:35 -0700
Processing by LocationsController#index as */*
Completed 200 OK in 6ms (Views: 3.8ms | ActiveRecord: 0.0ms)


Started GET "/locations" for 127.0.0.1 at 2018-08-20 18:38:41 -0700
Processing by LocationsController#index as */*
Completed 200 OK in 5ms (Views: 4.0ms | ActiveRecord: 0.0ms)


Started GET "/locations" for 127.0.0.1 at 2018-08-20 18:38:57 -0700
Processing by LocationsController#index as */*
Completed 200 OK in 3ms (Views: 2.0ms | ActiveRecord: 0.0ms)


Started GET "/locations" for 127.0.0.1 at 2018-08-20 18:39:24 -0700
Processing by LocationsController#index as */*
Completed 200 OK in 5ms (Views: 3.9ms | ActiveRecord: 0.0ms)


Started GET "/locations" for 127.0.0.1 at 2018-08-20 18:40:05 -0700
Processing by LocationsController#index as */*
Completed 200 OK in 6ms (Views: 3.9ms | ActiveRecord: 0.0ms)


Started GET "/locations" for 127.0.0.1 at 2018-08-20 18:40:14 -0700
Processing by LocationsController#index as */*
Completed 200 OK in 6ms (Views: 4.2ms | ActiveRecord: 0.0ms)


Started GET "/locations" for 127.0.0.1 at 2018-08-20 18:41:22 -0700
Processing by LocationsController#index as */*
Completed 200 OK in 6ms (Views: 4.9ms | ActiveRecord: 0.0ms)


Started GET "/locations" for 127.0.0.1 at 2018-08-20 18:43:59 -0700
Processing by LocationsController#index as */*
Completed 200 OK in 9ms (Views: 4.5ms | ActiveRecord: 0.0ms)


Started GET "/locations" for 127.0.0.1 at 2018-08-20 18:44:20 -0700
Processing by LocationsController#index as */*
Completed 200 OK in 5ms (Views: 3.6ms | ActiveRecord: 0.0ms)


Started GET "/locations" for 127.0.0.1 at 2018-08-20 18:44:57 -0700
Processing by LocationsController#index as */*
Completed 200 OK in 9ms (Views: 6.3ms | ActiveRecord: 0.0ms)


Started GET "/locations" for 127.0.0.1 at 2018-08-20 18:47:04 -0700
Processing by LocationsController#index as */*
Completed 200 OK in 6ms (Views: 4.4ms | ActiveRecord: 0.0ms)


Started GET "/locations" for 127.0.0.1 at 2018-08-20 18:48:31 -0700
Processing by LocationsController#index as */*
Completed 200 OK in 10ms (Views: 7.1ms | ActiveRecord: 0.0ms)


Started GET "/locations" for 127.0.0.1 at 2018-08-20 18:49:20 -0700
Processing by LocationsController#index as */*
Completed 200 OK in 6ms (Views: 4.2ms | ActiveRecord: 0.0ms)


Started GET "/locations" for 127.0.0.1 at 2018-08-20 18:49:34 -0700
Processing by LocationsController#index as */*
Completed 200 OK in 8ms (Views: 3.9ms | ActiveRecord: 0.0ms)


Started GET "/locations" for 127.0.0.1 at 2018-08-20 18:50:00 -0700
Processing by LocationsController#index as */*
Completed 200 OK in 12ms (Views: 7.6ms | ActiveRecord: 0.0ms)


Started GET "/locations" for 127.0.0.1 at 2018-08-20 18:50:06 -0700
Processing by LocationsController#index as */*
Completed 200 OK in 8ms (Views: 6.0ms | ActiveRecord: 0.0ms)


Started GET "/locations" for 127.0.0.1 at 2018-08-20 18:50:52 -0700
Processing by LocationsController#index as */*
Completed 200 OK in 6ms (Views: 3.3ms | ActiveRecord: 0.0ms)


Started GET "/locations" for 127.0.0.1 at 2018-08-20 18:51:12 -0700
Processing by LocationsController#index as */*
Completed 200 OK in 9ms (Views: 6.9ms | ActiveRecord: 0.0ms)


